{
	"month": "July",
	"date": [
		{
			"day": 1,
			"fills": {},
			"fp": {},
			"wd": {}
		},
		{
			"day": 2,
			"fills": {},
			"fp": {},
			"wd": {}
		},
		{
			"day": 3,
			"fills": {},
			"fp": {},
			"wd": {}
		},
		{
			"day": 4,
			"fills": {},
			"fp": {},
			"wd": {}
		},
		{
			"day": 5,
			"fills": {},
			"fp": {},
			"wd": {}
		},
		{
			"day": 6,
			"fills": {},
			"fp": {},
			"wd": {}
		},
		{
			"day": 7,
			"fills": {},
			"fp": {},
			"wd": {}
		},
		{
			"day": 8,
			"fills": {},
			"fp": {},
			"wd": {}
		},
		{
			"day": 9,
			"fills": {},
			"fp": {},
			"wd": {}
		},
		{
			"day": 10,
			"fills": {},
			"fp": {},
			"wd": {}
		},
		{
			"day": 11,
			"fills": {},
			"fp": {},
			"wd": {}
		},
		{
			"day": 12,
			"fills": {},
			"fp": {},
			"wd": {}
		},
		{
			"day": 13,
			"fills": {},
			"fp": {},
			"wd": {}
		},
		{
			"day": 14,
			"fills": {},
			"fp": {},
			"wd": {}
		},
		{
			"day": 15,
			"fills": {},
			"fp": {},
			"wd": {}
		},
		{
			"day": 16,
			"fills": {},
			"fp": {},
			"wd": {}
		},
		{
			"day": 17,
			"fills": {},
			"fp": {},
			"wd": {}
		},
		{
			"day": 18,
			"fills": {},
			"fp": {},
			"wd": {}
		},
		{
			"day": 19,
			"fills": {},
			"fp": {},
			"wd": {}
		},
		{
			"day": 20,
			"fills": {},
			"fp": {},
			"wd": {}
		},
		{
			"day": 21,
			"fills": {},
			"fp": {},
			"wd": {}
		},
		{
			"day": 22,
			"fills": {},
			"fp": {},
			"wd": {}
		},
		{
			"day": 23,
			"fills": {},
			"fp": {},
			"wd": {}
		},
		{
			"day": 24,
			"fills": {},
			"fp": {},
			"wd": {}
		},
		{
			"day": 25,
			"fills": {},
			"fp": {},
			"wd": {}
		},
		{
			"day": 26,
			"fills": {},
			"fp": {},
			"wd": {}
		},
		{
			"day": 27,
			"fills": {},
			"fp": {},
			"wd": {}
		},
		{
			"day": 28,
			"fills": {},
			"fp": {},
			"wd": {}
		},
		{
			"day": 29,
			"fills": {},
			"fp": {},
			"wd": {}
		},
		{
			"day": 30,
			"fills": {},
			"fp": {},
			"wd": {}
		},
		{
			"day": 31,
			"fills": {},
			"fp": {},
			"wd": {}
		}
	]
}